<?xml version="1.0" encoding="UTF-8" ?>
<testsuite failures="0" time="0.032" errors="0" skipped="0" tests="1" name="foo.AppTest">
  <properties>
    <property name="java.runtime.name" value="Java(TM) SE Runtime Environment"/>
    <property name="sun.boot.library.path" value="C:\Program Files (x86)\Java\jdk1.6.0_25\jre\bin"/>
    <property name="java.vm.version" value="20.0-b11"/>
    <property name="java.vm.vendor" value="Sun Microsystems Inc."/>
    <property name="java.vendor.url" value="http://java.sun.com/"/>
    <property name="path.separator" value=";"/>
    <property name="java.vm.name" value="Java HotSpot(TM) Client VM"/>
    <property name="file.encoding.pkg" value="sun.io"/>
    <property name="user.country" value="CN"/>
    <property name="sun.java.launcher" value="SUN_STANDARD"/>
    <property name="sun.os.patch.level" value="Service Pack 1"/>
    <property name="java.vm.specification.name" value="Java Virtual Machine Specification"/>
    <property name="user.dir" value="C:\Users\Administrator\Desktop\dubboDemoProvider"/>
    <property name="java.runtime.version" value="1.6.0_25-b06"/>
    <property name="java.awt.graphicsenv" value="sun.awt.Win32GraphicsEnvironment"/>
    <property name="basedir" value="C:\Users\Administrator\Desktop\dubboDemoProvider"/>
    <property name="java.endorsed.dirs" value="C:\Program Files (x86)\Java\jdk1.6.0_25\jre\lib\endorsed"/>
    <property name="os.arch" value="x86"/>
    <property name="surefire.real.class.path" value="C:\Users\Administrator\Desktop\dubboDemoProvider\target\surefire\surefirebooter4255962798236579355.jar"/>
    <property name="java.io.tmpdir" value="C:\Users\ADMINI~1\AppData\Local\Temp\"/>
    <property name="line.separator" value="
"/>
    <property name="java.vm.specification.vendor" value="Sun Microsystems Inc."/>
    <property name="user.variant" value=""/>
    <property name="os.name" value="Windows 7"/>
    <property name="sun.jnu.encoding" value="GBK"/>
    <property name="java.library.path" value="C:\Program Files (x86)\Java\jdk1.6.0_25\jre\bin;.;C:\Windows\Sun\Java\bin;C:\Windows\system32;C:\Windows;C:/Program Files (x86)/Java/jdk1.6.0_25/bin/../jre/bin/client;C:/Program Files (x86)/Java/jdk1.6.0_25/bin/../jre/bin;C:/Program Files (x86)/Java/jdk1.6.0_25/bin/../jre/lib/i386;C:\Program Files (x86)\Java\jdk1.6.0_25\bin;C:\Program Files (x86)\Java\jdk1.6.0_25\jre\bin;C:\Windows\system32;C:\Windows;C:\Windows\System32\Wbem;C:\Windows\System32\WindowsPowerShell\v1.0\;C:\Program Files\TortoiseSVN\bin;C:\ORACLE\instantclient_11_2;.;;.;;E:\work\eclipse_indigo_allInOne_withoutctm;;.;"/>
    <property name="surefire.test.class.path" value="C:\Users\Administrator\Desktop\dubboDemoProvider\target\test-classes;C:\Users\Administrator\Desktop\dubboDemoProvider\target\classes;E:\repositorywy\javax\inject\javax.inject\1\javax.inject-1.jar;E:\repositorywy\net\sf\json-lib\json-lib\2.2.2\json-lib-2.2.2-jdk15.jar;E:\repositorywy\commons-beanutils\commons-beanutils\1.7.0\commons-beanutils-1.7.0.jar;E:\repositorywy\commons-collections\commons-collections\3.2\commons-collections-3.2.jar;E:\repositorywy\net\sf\ezmorph\ezmorph\1.0.4\ezmorph-1.0.4.jar;E:\repositorywy\javax\servlet\servlet-api\2.5\servlet-api-2.5.jar;E:\repositorywy\junit\junit\4.11\junit-4.11.jar;E:\repositorywy\org\hamcrest\hamcrest-core\1.3\hamcrest-core-1.3.jar;E:\repositorywy\org\springframework\spring-context\3.1.2.RELEASE\spring-context-3.1.2.RELEASE.jar;E:\repositorywy\org\springframework\spring-asm\3.1.2.RELEASE\spring-asm-3.1.2.RELEASE.jar;E:\repositorywy\org\springframework\spring-core\3.1.2.RELEASE\spring-core-3.1.2.RELEASE.jar;E:\repositorywy\org\springframework\spring-beans\3.1.2.RELEASE\spring-beans-3.1.2.RELEASE.jar;E:\repositorywy\org\springframework\spring-test\3.1.2.RELEASE\spring-test-3.1.2.RELEASE.jar;E:\repositorywy\org\springframework\spring-web\3.1.2.RELEASE\spring-web-3.1.2.RELEASE.jar;E:\repositorywy\aopalliance\aopalliance\1.0\aopalliance-1.0.jar;E:\repositorywy\org\springframework\spring-aop\3.1.2.RELEASE\spring-aop-3.1.2.RELEASE.jar;E:\repositorywy\org\springframework\spring-webmvc\3.1.2.RELEASE\spring-webmvc-3.1.2.RELEASE.jar;E:\repositorywy\org\springframework\spring-context-support\3.1.2.RELEASE\spring-context-support-3.1.2.RELEASE.jar;E:\repositorywy\org\springframework\spring-expression\3.1.2.RELEASE\spring-expression-3.1.2.RELEASE.jar;E:\repositorywy\org\springframework\spring-aspects\3.1.2.RELEASE\spring-aspects-3.1.2.RELEASE.jar;E:\repositorywy\org\springframework\spring-orm\3.1.2.RELEASE\spring-orm-3.1.2.RELEASE.jar;E:\repositorywy\org\springframework\spring-jdbc\3.1.2.RELEASE\spring-jdbc-3.1.2.RELEASE.jar;E:\repositorywy\org\springframework\spring-tx\3.1.2.RELEASE\spring-tx-3.1.2.RELEASE.jar;E:\repositorywy\commons-discovery\commons-discovery\0.5\commons-discovery-0.5.jar;E:\repositorywy\org\aspectj\aspectjweaver\1.7.0\aspectjweaver-1.7.0.jar;E:\repositorywy\commons-lang\commons-lang\2.6\commons-lang-2.6.jar;E:\repositorywy\commons-io\commons-io\2.4\commons-io-2.4.jar;E:\repositorywy\org\codehaus\jackson\jackson-mapper-asl\1.9.12\jackson-mapper-asl-1.9.12.jar;E:\repositorywy\org\codehaus\jackson\jackson-core-asl\1.9.12\jackson-core-asl-1.9.12.jar;E:\repositorywy\org\slf4j\slf4j-api\1.7.5\slf4j-api-1.7.5.jar;E:\repositorywy\org\slf4j\slf4j-log4j12\1.7.5\slf4j-log4j12-1.7.5.jar;E:\repositorywy\org\jsoup\jsoup\1.5.2\jsoup-1.5.2.jar;E:\repositorywy\org\hibernate\javax\persistence\hibernate-jpa-2.0-api\1.0.1.Final\hibernate-jpa-2.0-api-1.0.1.Final.jar;E:\repositorywy\org\javassist\javassist\3.15.0-GA\javassist-3.15.0-GA.jar;E:\repositorywy\commons-logging\commons-logging\1.1.3\commons-logging-1.1.3.jar;E:\repositorywy\antlr\antlr\2.7.7\antlr-2.7.7.jar;E:\repositorywy\dom4j\dom4j\1.6.1\dom4j-1.6.1.jar;E:\repositorywy\xml-apis\xml-apis\1.0.b2\xml-apis-1.0.b2.jar;E:\repositorywy\org\jboss\logging\jboss-logging\3.1.0.GA\jboss-logging-3.1.0.GA.jar;E:\repositorywy\org\jboss\spec\javax\transaction\jboss-transaction-api_1.1_spec\1.0.0.Final\jboss-transaction-api_1.1_spec-1.0.0.Final.jar;E:\repositorywy\commons-dbcp\commons-dbcp\1.4\commons-dbcp-1.4.jar;E:\repositorywy\commons-pool\commons-pool\1.5.4\commons-pool-1.5.4.jar;E:\repositorywy\org\hibernate\hibernate-core\3.6.8.Final\hibernate-core-3.6.8.Final.jar;E:\repositorywy\org\hibernate\hibernate-commons-annotations\3.2.0.Final\hibernate-commons-annotations-3.2.0.Final.jar;E:\repositorywy\javax\transaction\jta\1.1\jta-1.1.jar;E:\repositorywy\mysql\mysql-connector-java\5.1.23\mysql-connector-java-5.1.23.jar;E:\repositorywy\net\htmlparser\jericho\jericho-html\3.3\jericho-html-3.3.jar;E:\repositorywy\org\apache\httpcomponents\httpcore\4.2.2\httpcore-4.2.2.jar;E:\repositorywy\org\apache\httpcomponents\httpclient\4.2.2\httpclient-4.2.2.jar;E:\repositorywy\commons-codec\commons-codec\1.6\commons-codec-1.6.jar;E:\repositorywy\org\jdom\jdom\1.1\jdom-1.1.jar;E:\repositorywy\log4j\log4j\1.2.14\log4j-1.2.14.jar;E:\repositorywy\org\quartz-scheduler\quartz\2.0.2\quartz-2.0.2.jar;E:\repositorywy\c3p0\c3p0\0.9.1.1\c3p0-0.9.1.1.jar;E:\repositorywy\com\alibaba\dubbo\2.4.9\dubbo-2.4.9.jar;E:\repositorywy\org\jboss\netty\netty\3.2.5.Final\netty-3.2.5.Final.jar;E:\repositorywy\com\github\sgroschupf\zkclient\0.1\zkclient-0.1.jar;E:\repositorywy\org\apache\zookeeper\zookeeper\3.4.5\zookeeper-3.4.5.jar;E:\repositorywy\jline\jline\0.9.94\jline-0.9.94.jar;"/>
    <property name="java.specification.name" value="Java Platform API Specification"/>
    <property name="java.class.version" value="50.0"/>
    <property name="sun.management.compiler" value="HotSpot Client Compiler"/>
    <property name="os.version" value="6.1"/>
    <property name="user.home" value="C:\Users\Administrator"/>
    <property name="user.timezone" value=""/>
    <property name="java.awt.printerjob" value="sun.awt.windows.WPrinterJob"/>
    <property name="java.specification.version" value="1.6"/>
    <property name="file.encoding" value="GBK"/>
    <property name="user.name" value="wyqinjiang"/>
    <property name="java.class.path" value="C:\Users\Administrator\Desktop\dubboDemoProvider\target\test-classes;C:\Users\Administrator\Desktop\dubboDemoProvider\target\classes;E:\repositorywy\javax\inject\javax.inject\1\javax.inject-1.jar;E:\repositorywy\net\sf\json-lib\json-lib\2.2.2\json-lib-2.2.2-jdk15.jar;E:\repositorywy\commons-beanutils\commons-beanutils\1.7.0\commons-beanutils-1.7.0.jar;E:\repositorywy\commons-collections\commons-collections\3.2\commons-collections-3.2.jar;E:\repositorywy\net\sf\ezmorph\ezmorph\1.0.4\ezmorph-1.0.4.jar;E:\repositorywy\javax\servlet\servlet-api\2.5\servlet-api-2.5.jar;E:\repositorywy\junit\junit\4.11\junit-4.11.jar;E:\repositorywy\org\hamcrest\hamcrest-core\1.3\hamcrest-core-1.3.jar;E:\repositorywy\org\springframework\spring-context\3.1.2.RELEASE\spring-context-3.1.2.RELEASE.jar;E:\repositorywy\org\springframework\spring-asm\3.1.2.RELEASE\spring-asm-3.1.2.RELEASE.jar;E:\repositorywy\org\springframework\spring-core\3.1.2.RELEASE\spring-core-3.1.2.RELEASE.jar;E:\repositorywy\org\springframework\spring-beans\3.1.2.RELEASE\spring-beans-3.1.2.RELEASE.jar;E:\repositorywy\org\springframework\spring-test\3.1.2.RELEASE\spring-test-3.1.2.RELEASE.jar;E:\repositorywy\org\springframework\spring-web\3.1.2.RELEASE\spring-web-3.1.2.RELEASE.jar;E:\repositorywy\aopalliance\aopalliance\1.0\aopalliance-1.0.jar;E:\repositorywy\org\springframework\spring-aop\3.1.2.RELEASE\spring-aop-3.1.2.RELEASE.jar;E:\repositorywy\org\springframework\spring-webmvc\3.1.2.RELEASE\spring-webmvc-3.1.2.RELEASE.jar;E:\repositorywy\org\springframework\spring-context-support\3.1.2.RELEASE\spring-context-support-3.1.2.RELEASE.jar;E:\repositorywy\org\springframework\spring-expression\3.1.2.RELEASE\spring-expression-3.1.2.RELEASE.jar;E:\repositorywy\org\springframework\spring-aspects\3.1.2.RELEASE\spring-aspects-3.1.2.RELEASE.jar;E:\repositorywy\org\springframework\spring-orm\3.1.2.RELEASE\spring-orm-3.1.2.RELEASE.jar;E:\repositorywy\org\springframework\spring-jdbc\3.1.2.RELEASE\spring-jdbc-3.1.2.RELEASE.jar;E:\repositorywy\org\springframework\spring-tx\3.1.2.RELEASE\spring-tx-3.1.2.RELEASE.jar;E:\repositorywy\commons-discovery\commons-discovery\0.5\commons-discovery-0.5.jar;E:\repositorywy\org\aspectj\aspectjweaver\1.7.0\aspectjweaver-1.7.0.jar;E:\repositorywy\commons-lang\commons-lang\2.6\commons-lang-2.6.jar;E:\repositorywy\commons-io\commons-io\2.4\commons-io-2.4.jar;E:\repositorywy\org\codehaus\jackson\jackson-mapper-asl\1.9.12\jackson-mapper-asl-1.9.12.jar;E:\repositorywy\org\codehaus\jackson\jackson-core-asl\1.9.12\jackson-core-asl-1.9.12.jar;E:\repositorywy\org\slf4j\slf4j-api\1.7.5\slf4j-api-1.7.5.jar;E:\repositorywy\org\slf4j\slf4j-log4j12\1.7.5\slf4j-log4j12-1.7.5.jar;E:\repositorywy\org\jsoup\jsoup\1.5.2\jsoup-1.5.2.jar;E:\repositorywy\org\hibernate\javax\persistence\hibernate-jpa-2.0-api\1.0.1.Final\hibernate-jpa-2.0-api-1.0.1.Final.jar;E:\repositorywy\org\javassist\javassist\3.15.0-GA\javassist-3.15.0-GA.jar;E:\repositorywy\commons-logging\commons-logging\1.1.3\commons-logging-1.1.3.jar;E:\repositorywy\antlr\antlr\2.7.7\antlr-2.7.7.jar;E:\repositorywy\dom4j\dom4j\1.6.1\dom4j-1.6.1.jar;E:\repositorywy\xml-apis\xml-apis\1.0.b2\xml-apis-1.0.b2.jar;E:\repositorywy\org\jboss\logging\jboss-logging\3.1.0.GA\jboss-logging-3.1.0.GA.jar;E:\repositorywy\org\jboss\spec\javax\transaction\jboss-transaction-api_1.1_spec\1.0.0.Final\jboss-transaction-api_1.1_spec-1.0.0.Final.jar;E:\repositorywy\commons-dbcp\commons-dbcp\1.4\commons-dbcp-1.4.jar;E:\repositorywy\commons-pool\commons-pool\1.5.4\commons-pool-1.5.4.jar;E:\repositorywy\org\hibernate\hibernate-core\3.6.8.Final\hibernate-core-3.6.8.Final.jar;E:\repositorywy\org\hibernate\hibernate-commons-annotations\3.2.0.Final\hibernate-commons-annotations-3.2.0.Final.jar;E:\repositorywy\javax\transaction\jta\1.1\jta-1.1.jar;E:\repositorywy\mysql\mysql-connector-java\5.1.23\mysql-connector-java-5.1.23.jar;E:\repositorywy\net\htmlparser\jericho\jericho-html\3.3\jericho-html-3.3.jar;E:\repositorywy\org\apache\httpcomponents\httpcore\4.2.2\httpcore-4.2.2.jar;E:\repositorywy\org\apache\httpcomponents\httpclient\4.2.2\httpclient-4.2.2.jar;E:\repositorywy\commons-codec\commons-codec\1.6\commons-codec-1.6.jar;E:\repositorywy\org\jdom\jdom\1.1\jdom-1.1.jar;E:\repositorywy\log4j\log4j\1.2.14\log4j-1.2.14.jar;E:\repositorywy\org\quartz-scheduler\quartz\2.0.2\quartz-2.0.2.jar;E:\repositorywy\c3p0\c3p0\0.9.1.1\c3p0-0.9.1.1.jar;E:\repositorywy\com\alibaba\dubbo\2.4.9\dubbo-2.4.9.jar;E:\repositorywy\org\jboss\netty\netty\3.2.5.Final\netty-3.2.5.Final.jar;E:\repositorywy\com\github\sgroschupf\zkclient\0.1\zkclient-0.1.jar;E:\repositorywy\org\apache\zookeeper\zookeeper\3.4.5\zookeeper-3.4.5.jar;E:\repositorywy\jline\jline\0.9.94\jline-0.9.94.jar;"/>
    <property name="java.vm.specification.version" value="1.0"/>
    <property name="sun.arch.data.model" value="32"/>
    <property name="java.home" value="C:\Program Files (x86)\Java\jdk1.6.0_25\jre"/>
    <property name="sun.java.command" value="C:\Users\Administrator\Desktop\dubboDemoProvider\target\surefire\surefirebooter4255962798236579355.jar C:\Users\Administrator\Desktop\dubboDemoProvider\target\surefire\surefire8296030860255067510tmp C:\Users\Administrator\Desktop\dubboDemoProvider\target\surefire\surefire1048730070077394988tmp"/>
    <property name="java.specification.vendor" value="Sun Microsystems Inc."/>
    <property name="user.language" value="zh"/>
    <property name="awt.toolkit" value="sun.awt.windows.WToolkit"/>
    <property name="java.vm.info" value="mixed mode, sharing"/>
    <property name="java.version" value="1.6.0_25"/>
    <property name="java.ext.dirs" value="C:\Program Files (x86)\Java\jdk1.6.0_25\jre\lib\ext;C:\Windows\Sun\Java\lib\ext"/>
    <property name="sun.boot.class.path" value="C:\Program Files (x86)\Java\jdk1.6.0_25\jre\lib\resources.jar;C:\Program Files (x86)\Java\jdk1.6.0_25\jre\lib\rt.jar;C:\Program Files (x86)\Java\jdk1.6.0_25\jre\lib\sunrsasign.jar;C:\Program Files (x86)\Java\jdk1.6.0_25\jre\lib\jsse.jar;C:\Program Files (x86)\Java\jdk1.6.0_25\jre\lib\jce.jar;C:\Program Files (x86)\Java\jdk1.6.0_25\jre\lib\charsets.jar;C:\Program Files (x86)\Java\jdk1.6.0_25\jre\lib\modules\jdk.boot.jar;C:\Program Files (x86)\Java\jdk1.6.0_25\jre\classes"/>
    <property name="java.vendor" value="Sun Microsystems Inc."/>
    <property name="localRepository" value="E:\repositorywy"/>
    <property name="file.separator" value="\"/>
    <property name="java.vendor.url.bug" value="http://java.sun.com/cgi-bin/bugreport.cgi"/>
    <property name="sun.cpu.endian" value="little"/>
    <property name="sun.io.unicode.encoding" value="UnicodeLittle"/>
    <property name="sun.desktop" value="windows"/>
    <property name="sun.cpu.isalist" value="pentium_pro+mmx pentium_pro pentium+mmx pentium i486 i386 i86"/>
  </properties>
  <testcase time="0" classname="foo.AppTest" name="testApp"/>
</testsuite>